2020-04-09 08:36:27,926 INFO o.a.j.u.JMeterUtils: Setting Locale to en_US
2020-04-09 08:36:28,070 INFO o.a.j.JMeter: Loading user properties from: /opt/apache-jmeter-5.2.1/bin/user.properties
2020-04-09 08:36:28,087 INFO o.a.j.JMeter: Loading system properties from: /opt/apache-jmeter-5.2.1/bin/system.properties
2020-04-09 08:36:28,103 INFO o.a.j.JMeter: Copyright (c) 1998-2019 The Apache Software Foundation
2020-04-09 08:36:28,110 INFO o.a.j.JMeter: Version 5.2.1
2020-04-09 08:36:28,111 INFO o.a.j.JMeter: java.version=1.8.0_242
2020-04-09 08:36:28,112 INFO o.a.j.JMeter: java.vm.name=OpenJDK 64-Bit Server VM
2020-04-09 08:36:28,113 INFO o.a.j.JMeter: os.name=Linux
2020-04-09 08:36:28,113 INFO o.a.j.JMeter: os.arch=amd64
2020-04-09 08:36:28,121 INFO o.a.j.JMeter: os.version=5.3.0-46-generic
2020-04-09 08:36:28,122 INFO o.a.j.JMeter: file.encoding=UTF-8
2020-04-09 08:36:28,125 INFO o.a.j.JMeter: java.awt.headless=null
2020-04-09 08:36:28,126 INFO o.a.j.JMeter: Max memory     =2774007808
2020-04-09 08:36:28,128 INFO o.a.j.JMeter: Available Processors =4
2020-04-09 08:36:28,158 INFO o.a.j.JMeter: Default Locale=English (United States)
2020-04-09 08:36:28,159 INFO o.a.j.JMeter: JMeter  Locale=English (United States)
2020-04-09 08:36:28,159 INFO o.a.j.JMeter: JMeterHome=/opt/apache-jmeter-5.2.1
2020-04-09 08:36:28,159 INFO o.a.j.JMeter: user.dir  =/home/draxter/Desktop/P2/P1-ws
2020-04-09 08:36:28,160 INFO o.a.j.JMeter: PWD       =/home/draxter/Desktop/P2/P1-ws
2020-04-09 08:36:28,160 INFO o.a.j.JMeter: IP: 127.0.1.1 Name: draxter-HP-Laptop-15-bs0xx FullName: draxter-HP-Laptop-15-bs0xx
2020-04-09 08:36:29,412 INFO o.a.j.g.a.LookAndFeelCommand: Installing Darcula LAF
2020-04-09 08:36:29,692 INFO o.a.j.g.a.LookAndFeelCommand: Using look and feel: com.bulenkov.darcula.DarculaLaf [Darcula]
2020-04-09 08:36:29,693 INFO o.a.j.JMeter: Setting LAF to: com.bulenkov.darcula.DarculaLaf
2020-04-09 08:36:30,149 INFO o.a.j.JMeter: Loaded icon properties from org/apache/jmeter/images/icon.properties
2020-04-09 08:36:39,118 INFO o.a.j.p.h.s.HTTPSamplerBase: Parser for text/html is org.apache.jmeter.protocol.http.parser.LagartoBasedHtmlParser
2020-04-09 08:36:39,129 INFO o.a.j.p.h.s.HTTPSamplerBase: Parser for application/xhtml+xml is org.apache.jmeter.protocol.http.parser.LagartoBasedHtmlParser
2020-04-09 08:36:39,129 INFO o.a.j.p.h.s.HTTPSamplerBase: Parser for application/xml is org.apache.jmeter.protocol.http.parser.LagartoBasedHtmlParser
2020-04-09 08:36:39,129 INFO o.a.j.p.h.s.HTTPSamplerBase: Parser for text/xml is org.apache.jmeter.protocol.http.parser.LagartoBasedHtmlParser
2020-04-09 08:36:39,129 INFO o.a.j.p.h.s.HTTPSamplerBase: Parser for text/vnd.wap.wml is org.apache.jmeter.protocol.http.parser.RegexpHTMLParser
2020-04-09 08:36:39,129 INFO o.a.j.p.h.s.HTTPSamplerBase: Parser for text/css is org.apache.jmeter.protocol.http.parser.CssParser
2020-04-09 08:36:39,366 INFO o.a.j.e.KeyToolUtils: Exception checking for keytool existence, will return false, try another way.
2020-04-09 08:36:39,539 INFO o.a.j.e.KeyToolUtils: keytool found at '/usr/lib/jvm/java-8-openjdk-amd64/jre/bin/keytool'
2020-04-09 08:36:39,539 INFO o.a.j.p.h.p.ProxyControl: HTTP(S) Test Script Recorder SSL Proxy will use keys that support embedded 3rd party resources in file /opt/apache-jmeter-5.2.1/bin/proxyserver.jks
2020-04-09 08:36:39,711 INFO o.a.j.s.FileServer: Default base='/home/draxter/Desktop/P2/P1-ws'
2020-04-09 08:36:40,283 INFO o.a.j.s.SampleResult: Note: Sample TimeStamps are START times
2020-04-09 08:36:40,283 INFO o.a.j.s.SampleResult: sampleresult.default.encoding is set to ISO-8859-1
2020-04-09 08:36:40,284 INFO o.a.j.s.SampleResult: sampleresult.useNanoTime=true
2020-04-09 08:36:40,284 INFO o.a.j.s.SampleResult: sampleresult.nanoThreadSleep=5000
2020-04-09 08:36:40,317 INFO o.a.j.v.ViewResultsFullVisualizer: Add JavaFX to your Java installation if you want to use renderer: org.apache.jmeter.visualizers.RenderInBrowser
2020-04-09 08:36:55,805 INFO o.a.j.g.a.Load: Loading file: /home/draxter/Desktop/P2/P2.jmx
2020-04-09 08:36:55,805 INFO o.a.j.s.FileServer: Set new base='/home/draxter/Desktop/P2'
2020-04-09 08:36:57,037 INFO o.a.j.s.SaveService: Testplan (JMX) version: 2.2. Testlog (JTL) version: 2.2
2020-04-09 08:36:57,072 INFO o.a.j.s.SaveService: Using SaveService properties file encoding UTF-8
2020-04-09 08:36:57,077 INFO o.a.j.s.SaveService: Using SaveService properties version 5.0
2020-04-09 08:36:57,085 INFO o.a.j.s.SaveService: Loading file: /home/draxter/Desktop/P2/P2.jmx
2020-04-09 08:36:57,426 INFO o.a.j.v.ViewResultsFullVisualizer: Add JavaFX to your Java installation if you want to use renderer: org.apache.jmeter.visualizers.RenderInBrowser
2020-04-09 08:36:57,455 INFO o.a.j.s.FileServer: Set new base='/home/draxter/Desktop/P2'
2020-04-09 08:37:17,236 ERROR o.a.j.g.a.Save: Could not backup file! Backup directory does not exist, is not a directory or could not be created ! </opt/apache-jmeter-5.2.1/backups>
2020-04-09 08:39:37,403 ERROR o.a.j.g.a.Save: Could not backup file! Backup directory does not exist, is not a directory or could not be created ! </opt/apache-jmeter-5.2.1/backups>
2020-04-09 08:39:37,432 INFO o.a.j.e.StandardJMeterEngine: Running the test!
2020-04-09 08:39:37,434 INFO o.a.j.s.SampleEvent: List of sample_variables: []
2020-04-09 08:39:37,434 INFO o.a.j.s.SampleEvent: List of sample_variables: []
2020-04-09 08:39:37,439 INFO o.a.j.e.u.CompoundVariable: Note: Function class names must contain the string: '.functions.'
2020-04-09 08:39:37,439 INFO o.a.j.e.u.CompoundVariable: Note: Function class names must not contain the string: '.gui.'
2020-04-09 08:39:38,009 INFO o.a.j.g.u.JMeterMenuBar: setRunning(true, *local*)
2020-04-09 08:39:38,216 INFO o.a.j.e.StandardJMeterEngine: Starting ThreadGroup: 1 : P1-base
2020-04-09 08:39:38,217 INFO o.a.j.e.StandardJMeterEngine: Starting 1 threads for group P1-base.
2020-04-09 08:39:38,217 INFO o.a.j.e.StandardJMeterEngine: Thread will continue on error
2020-04-09 08:39:38,217 INFO o.a.j.t.ThreadGroup: Starting thread group... number=1 threads=1 ramp-up=5 delayedStart=false
2020-04-09 08:39:38,225 INFO o.a.j.t.ThreadGroup: Started thread group number 1
2020-04-09 08:39:38,227 INFO o.a.j.e.StandardJMeterEngine: Waiting for thread group: P1-base to finish before starting next group
2020-04-09 08:39:38,232 INFO o.a.j.t.JMeterThread: Thread started: P1-base 1-1
2020-04-09 08:39:38,234 INFO o.a.j.s.FileServer: Stored: datagen/listado.csv
2020-04-09 08:39:38,260 INFO o.a.j.p.h.s.HTTPJavaImpl: Maximum connection retries = 0
2020-04-09 08:39:46,488 INFO o.a.j.t.JMeterThread: Thread is done: P1-base 1-1
2020-04-09 08:39:46,488 INFO o.a.j.t.JMeterThread: Thread finished: P1-base 1-1
2020-04-09 08:39:46,488 INFO o.a.j.e.StandardJMeterEngine: Starting ThreadGroup: 2 : P1-ws
2020-04-09 08:39:46,488 INFO o.a.j.e.StandardJMeterEngine: Starting 1 threads for group P1-ws.
2020-04-09 08:39:46,488 INFO o.a.j.e.StandardJMeterEngine: Thread will continue on error
2020-04-09 08:39:46,488 INFO o.a.j.t.ThreadGroup: Starting thread group... number=2 threads=1 ramp-up=5 delayedStart=false
2020-04-09 08:39:46,489 INFO o.a.j.t.ThreadGroup: Started thread group number 2
2020-04-09 08:39:46,489 INFO o.a.j.e.StandardJMeterEngine: Waiting for thread group: P1-ws to finish before starting next group
2020-04-09 08:39:46,490 INFO o.a.j.t.JMeterThread: Thread started: P1-ws 2-1
2020-04-09 08:40:34,678 INFO o.a.j.t.JMeterThread: Thread is done: P1-ws 2-1
2020-04-09 08:40:34,679 INFO o.a.j.t.JMeterThread: Thread finished: P1-ws 2-1
2020-04-09 08:40:34,681 INFO o.a.j.e.StandardJMeterEngine: Starting ThreadGroup: 3 : P1-ejb
2020-04-09 08:40:34,681 INFO o.a.j.e.StandardJMeterEngine: Starting 1 threads for group P1-ejb.
2020-04-09 08:40:34,681 INFO o.a.j.e.StandardJMeterEngine: Thread will continue on error
2020-04-09 08:40:34,681 INFO o.a.j.t.ThreadGroup: Starting thread group... number=3 threads=1 ramp-up=5 delayedStart=false
2020-04-09 08:40:34,682 INFO o.a.j.t.ThreadGroup: Started thread group number 3
2020-04-09 08:40:34,683 INFO o.a.j.t.JMeterThread: Thread started: P1-ejb 3-1
2020-04-09 08:40:34,683 INFO o.a.j.e.StandardJMeterEngine: All thread groups have been started
2020-04-09 08:40:48,242 INFO o.a.j.t.JMeterThread: Thread is done: P1-ejb 3-1
2020-04-09 08:40:48,242 INFO o.a.j.t.JMeterThread: Thread finished: P1-ejb 3-1
2020-04-09 08:40:48,242 INFO o.a.j.e.StandardJMeterEngine: Notifying test listeners of end of test
2020-04-09 08:40:48,242 INFO o.a.j.s.FileServer: Close: datagen/listado.csv
2020-04-09 08:40:48,243 INFO o.a.j.g.u.JMeterMenuBar: setRunning(false, *local*)
2020-04-09 09:31:04,321 ERROR o.a.j.g.a.Save: Could not backup file! Backup directory does not exist, is not a directory or could not be created ! </opt/apache-jmeter-5.2.1/backups>
2020-04-09 09:31:04,348 INFO o.a.j.e.StandardJMeterEngine: Running the test!
2020-04-09 09:31:04,352 INFO o.a.j.s.SampleEvent: List of sample_variables: []
2020-04-09 09:31:04,368 INFO o.a.j.g.u.JMeterMenuBar: setRunning(true, *local*)
2020-04-09 09:31:04,568 INFO o.a.j.e.StandardJMeterEngine: Starting ThreadGroup: 1 : P1-ejb
2020-04-09 09:31:04,568 INFO o.a.j.e.StandardJMeterEngine: Starting 1 threads for group P1-ejb.
2020-04-09 09:31:04,568 INFO o.a.j.e.StandardJMeterEngine: Thread will continue on error
2020-04-09 09:31:04,568 INFO o.a.j.t.ThreadGroup: Starting thread group... number=1 threads=1 ramp-up=5 delayedStart=false
2020-04-09 09:31:04,572 INFO o.a.j.t.ThreadGroup: Started thread group number 1
2020-04-09 09:31:04,572 INFO o.a.j.e.StandardJMeterEngine: All thread groups have been started
2020-04-09 09:31:04,576 INFO o.a.j.t.JMeterThread: Thread started: P1-ejb 1-1
2020-04-09 09:31:04,578 INFO o.a.j.s.FileServer: Stored: datagen/listado.csv
2020-04-09 09:31:12,083 INFO o.a.j.t.JMeterThread: Thread is done: P1-ejb 1-1
2020-04-09 09:31:12,083 INFO o.a.j.t.JMeterThread: Thread finished: P1-ejb 1-1
2020-04-09 09:31:12,083 INFO o.a.j.e.StandardJMeterEngine: Notifying test listeners of end of test
2020-04-09 09:31:12,084 INFO o.a.j.s.FileServer: Close: datagen/listado.csv
2020-04-09 09:31:12,084 INFO o.a.j.g.u.JMeterMenuBar: setRunning(false, *local*)
2020-04-09 09:32:41,490 INFO o.a.j.e.StandardJMeterEngine: Running the test!
2020-04-09 09:32:41,492 INFO o.a.j.s.SampleEvent: List of sample_variables: []
2020-04-09 09:32:41,503 INFO o.a.j.g.u.JMeterMenuBar: setRunning(true, *local*)
2020-04-09 09:32:41,764 INFO o.a.j.e.StandardJMeterEngine: Starting ThreadGroup: 1 : P1-ejb
2020-04-09 09:32:41,764 INFO o.a.j.e.StandardJMeterEngine: Starting 1 threads for group P1-ejb.
2020-04-09 09:32:41,764 INFO o.a.j.e.StandardJMeterEngine: Thread will continue on error
2020-04-09 09:32:41,764 INFO o.a.j.t.ThreadGroup: Starting thread group... number=1 threads=1 ramp-up=5 delayedStart=false
2020-04-09 09:32:41,767 INFO o.a.j.t.ThreadGroup: Started thread group number 1
2020-04-09 09:32:41,767 INFO o.a.j.e.StandardJMeterEngine: All thread groups have been started
2020-04-09 09:32:41,772 INFO o.a.j.t.JMeterThread: Thread started: P1-ejb 1-1
2020-04-09 09:32:41,773 INFO o.a.j.s.FileServer: Stored: datagen/listado.csv
2020-04-09 09:32:47,799 INFO o.a.j.t.JMeterThread: Thread is done: P1-ejb 1-1
2020-04-09 09:32:47,799 INFO o.a.j.t.JMeterThread: Thread finished: P1-ejb 1-1
2020-04-09 09:32:47,800 INFO o.a.j.e.StandardJMeterEngine: Notifying test listeners of end of test
2020-04-09 09:32:47,800 INFO o.a.j.s.FileServer: Close: datagen/listado.csv
2020-04-09 09:32:47,801 INFO o.a.j.g.u.JMeterMenuBar: setRunning(false, *local*)
2020-04-09 09:33:46,067 INFO o.a.j.e.StandardJMeterEngine: Running the test!
2020-04-09 09:33:46,068 INFO o.a.j.s.SampleEvent: List of sample_variables: []
2020-04-09 09:33:46,073 INFO o.a.j.g.u.JMeterMenuBar: setRunning(true, *local*)
2020-04-09 09:33:46,200 INFO o.a.j.e.StandardJMeterEngine: Starting ThreadGroup: 1 : P1-ejb
2020-04-09 09:33:46,201 INFO o.a.j.e.StandardJMeterEngine: Starting 1 threads for group P1-ejb.
2020-04-09 09:33:46,202 INFO o.a.j.e.StandardJMeterEngine: Thread will continue on error
2020-04-09 09:33:46,202 INFO o.a.j.t.ThreadGroup: Starting thread group... number=1 threads=1 ramp-up=5 delayedStart=false
2020-04-09 09:33:46,203 INFO o.a.j.t.ThreadGroup: Started thread group number 1
2020-04-09 09:33:46,203 INFO o.a.j.e.StandardJMeterEngine: All thread groups have been started
2020-04-09 09:33:46,205 INFO o.a.j.t.JMeterThread: Thread started: P1-ejb 1-1
2020-04-09 09:33:46,205 INFO o.a.j.s.FileServer: Stored: datagen/listado.csv
2020-04-09 09:33:50,858 INFO o.a.j.t.JMeterThread: Thread is done: P1-ejb 1-1
2020-04-09 09:33:50,859 INFO o.a.j.t.JMeterThread: Thread finished: P1-ejb 1-1
2020-04-09 09:33:50,859 INFO o.a.j.e.StandardJMeterEngine: Notifying test listeners of end of test
2020-04-09 09:33:50,859 INFO o.a.j.s.FileServer: Close: datagen/listado.csv
2020-04-09 09:33:50,859 INFO o.a.j.g.u.JMeterMenuBar: setRunning(false, *local*)
2020-04-09 09:34:11,299 INFO o.a.j.e.StandardJMeterEngine: Running the test!
2020-04-09 09:34:11,305 INFO o.a.j.s.SampleEvent: List of sample_variables: []
2020-04-09 09:34:11,310 INFO o.a.j.g.u.JMeterMenuBar: setRunning(true, *local*)
2020-04-09 09:34:11,410 INFO o.a.j.e.StandardJMeterEngine: Starting ThreadGroup: 1 : P1-ejb
2020-04-09 09:34:11,410 INFO o.a.j.e.StandardJMeterEngine: Starting 1 threads for group P1-ejb.
2020-04-09 09:34:11,410 INFO o.a.j.e.StandardJMeterEngine: Thread will continue on error
2020-04-09 09:34:11,410 INFO o.a.j.t.ThreadGroup: Starting thread group... number=1 threads=1 ramp-up=5 delayedStart=false
2020-04-09 09:34:11,415 INFO o.a.j.t.ThreadGroup: Started thread group number 1
2020-04-09 09:34:11,415 INFO o.a.j.t.JMeterThread: Thread started: P1-ejb 1-1
2020-04-09 09:34:11,417 INFO o.a.j.e.StandardJMeterEngine: All thread groups have been started
2020-04-09 09:34:11,417 INFO o.a.j.s.FileServer: Stored: datagen/listado.csv
2020-04-09 09:34:15,606 INFO o.a.j.t.JMeterThread: Thread is done: P1-ejb 1-1
2020-04-09 09:34:15,606 INFO o.a.j.t.JMeterThread: Thread finished: P1-ejb 1-1
2020-04-09 09:34:15,606 INFO o.a.j.e.StandardJMeterEngine: Notifying test listeners of end of test
2020-04-09 09:34:15,607 INFO o.a.j.s.FileServer: Close: datagen/listado.csv
2020-04-09 09:34:15,607 INFO o.a.j.g.u.JMeterMenuBar: setRunning(false, *local*)
2020-04-09 09:34:37,783 INFO o.a.j.e.StandardJMeterEngine: Running the test!
2020-04-09 09:34:37,821 INFO o.a.j.s.SampleEvent: List of sample_variables: []
2020-04-09 09:34:37,826 INFO o.a.j.g.u.JMeterMenuBar: setRunning(true, *local*)
2020-04-09 09:34:37,981 INFO o.a.j.e.StandardJMeterEngine: Starting ThreadGroup: 1 : P1-ejb
2020-04-09 09:34:37,981 INFO o.a.j.e.StandardJMeterEngine: Starting 1 threads for group P1-ejb.
2020-04-09 09:34:37,981 INFO o.a.j.e.StandardJMeterEngine: Thread will continue on error
2020-04-09 09:34:37,981 INFO o.a.j.t.ThreadGroup: Starting thread group... number=1 threads=1 ramp-up=5 delayedStart=false
2020-04-09 09:34:37,985 INFO o.a.j.t.ThreadGroup: Started thread group number 1
2020-04-09 09:34:37,985 INFO o.a.j.t.JMeterThread: Thread started: P1-ejb 1-1
2020-04-09 09:34:37,987 INFO o.a.j.s.FileServer: Stored: datagen/listado.csv
2020-04-09 09:34:37,987 INFO o.a.j.e.StandardJMeterEngine: All thread groups have been started
2020-04-09 09:34:42,326 INFO o.a.j.t.JMeterThread: Thread is done: P1-ejb 1-1
2020-04-09 09:34:42,327 INFO o.a.j.t.JMeterThread: Thread finished: P1-ejb 1-1
2020-04-09 09:34:42,327 INFO o.a.j.e.StandardJMeterEngine: Notifying test listeners of end of test
2020-04-09 09:34:42,327 INFO o.a.j.s.FileServer: Close: datagen/listado.csv
2020-04-09 09:34:42,327 INFO o.a.j.g.u.JMeterMenuBar: setRunning(false, *local*)
2020-04-09 09:36:05,185 INFO o.a.j.g.a.Load: Loading file: /home/draxter/Desktop/P2/P2.jmx
2020-04-09 09:36:05,186 INFO o.a.j.s.FileServer: Set new base='/home/draxter/Desktop/P2'
2020-04-09 09:36:05,186 INFO o.a.j.s.SaveService: Loading file: /home/draxter/Desktop/P2/P2.jmx
2020-04-09 09:36:05,315 INFO o.a.j.v.ViewResultsFullVisualizer: Add JavaFX to your Java installation if you want to use renderer: org.apache.jmeter.visualizers.RenderInBrowser
2020-04-09 09:36:05,343 INFO o.a.j.s.FileServer: Set new base='/home/draxter/Desktop/P2'
2020-04-09 09:36:31,484 ERROR o.a.j.g.a.Save: Could not backup file! Backup directory does not exist, is not a directory or could not be created ! </opt/apache-jmeter-5.2.1/backups>
